[debug] [2024-06-10T17:28:17.549Z] ----------------------------------------------------------------------
[debug] [2024-06-10T17:28:17.553Z] Command:       C:\Program Files\nodejs\node.exe C:\Users\hp\AppData\Roaming\npm\node_modules\firebase-tools\lib\bin\firebase.js emulators:start
[debug] [2024-06-10T17:28:17.554Z] CLI Version:   13.4.1
[debug] [2024-06-10T17:28:17.555Z] Platform:      win32
[debug] [2024-06-10T17:28:17.555Z] Node Version:  v18.16.0
[debug] [2024-06-10T17:28:17.556Z] Time:          Mon Jun 10 2024 22:58:17 GMT+0530 (India Standard Time)
[debug] [2024-06-10T17:28:17.556Z] ----------------------------------------------------------------------
[debug] 
[debug] [2024-06-10T17:28:17.562Z] >>> [apiv2][query] GET https://firebase-public.firebaseio.com/cli.json [none]
[debug] [2024-06-10T17:28:17.723Z] > command requires scopes: ["email","openid","https://www.googleapis.com/auth/cloudplatformprojects.readonly","https://www.googleapis.com/auth/firebase","https://www.googleapis.com/auth/cloud-platform"]
[debug] [2024-06-10T17:28:17.723Z] > authorizing via signed-in user (ismail4111969@gmail.com)
[info] i  emulators: Starting emulators: functions, hosting {"metadata":{"emulator":{"name":"hub"},"message":"Starting emulators: functions, hosting"}}
[debug] [2024-06-10T17:28:17.741Z] [logging] Logging Emulator only supports listening on one address (127.0.0.1). Not listening on ::1
[debug] [2024-06-10T17:28:17.742Z] [hosting] Hosting Emulator only supports listening on one address (127.0.0.1). Not listening on ::1
[debug] [2024-06-10T17:28:17.742Z] assigned listening specs for emulators {"user":{"hub":[{"address":"127.0.0.1","family":"IPv4","port":4400},{"address":"::1","family":"IPv6","port":4400}],"ui":[{"address":"127.0.0.1","family":"IPv4","port":4000},{"address":"::1","family":"IPv6","port":4000}],"logging":[{"address":"127.0.0.1","family":"IPv4","port":4500}],"hosting":[{"address":"127.0.0.1","family":"IPv4","port":5000}]},"metadata":{"message":"assigned listening specs for emulators"}}
[debug] [2024-06-10T17:28:17.751Z] [hub] writing locator at C:\Users\hp\AppData\Local\Temp\hub-ecommerce-34747.json
[debug] [2024-06-10T17:28:17.822Z] [functions] Functions Emulator only supports listening on one address (127.0.0.1). Not listening on ::1
[debug] [2024-06-10T17:28:17.823Z] [eventarc] Eventarc Emulator only supports listening on one address (127.0.0.1). Not listening on ::1
[debug] [2024-06-10T17:28:17.823Z] late-assigned ports for functions and eventarc emulators {"user":{"hub":[{"address":"127.0.0.1","family":"IPv4","port":4400},{"address":"::1","family":"IPv6","port":4400}],"ui":[{"address":"127.0.0.1","family":"IPv4","port":4000},{"address":"::1","family":"IPv6","port":4000}],"logging":[{"address":"127.0.0.1","family":"IPv4","port":4500}],"hosting":[{"address":"127.0.0.1","family":"IPv4","port":5000}],"functions":[{"address":"127.0.0.1","family":"IPv4","port":5001}],"eventarc":[{"address":"127.0.0.1","family":"IPv4","port":9299}]},"metadata":{"message":"late-assigned ports for functions and eventarc emulators"}}
[warn] !  functions: The following emulators are not running, calls to these services from the Functions emulator will affect production: auth, firestore, database, pubsub, storage {"metadata":{"emulator":{"name":"functions"},"message":"The following emulators are not running, calls to these services from the Functions emulator will affect production: \u001b[1mauth, firestore, database, pubsub, storage\u001b[22m"}}
[debug] [2024-06-10T17:28:17.830Z] defaultcredentials: writing to file C:\Users\hp\AppData\Roaming\firebase\ismail4111969_gmail_com_application_default_credentials.json
[debug] [2024-06-10T17:28:17.837Z] Setting GAC to C:\Users\hp\AppData\Roaming\firebase\ismail4111969_gmail_com_application_default_credentials.json {"metadata":{"emulator":{"name":"functions"},"message":"Setting GAC to C:\\Users\\hp\\AppData\\Roaming\\firebase\\ismail4111969_gmail_com_application_default_credentials.json"}}
[debug] [2024-06-10T17:28:17.840Z] > refreshing access token with scopes: []
[debug] [2024-06-10T17:28:17.841Z] >>> [apiv2][query] POST https://www.googleapis.com/oauth2/v3/token [none]
[debug] [2024-06-10T17:28:17.841Z] >>> [apiv2][body] POST https://www.googleapis.com/oauth2/v3/token [omitted]
[debug] [2024-06-10T17:28:21.434Z] <<< [apiv2][status] POST https://www.googleapis.com/oauth2/v3/token 200
[debug] [2024-06-10T17:28:21.434Z] <<< [apiv2][body] POST https://www.googleapis.com/oauth2/v3/token [omitted]
[debug] [2024-06-10T17:28:21.451Z] >>> [apiv2][query] GET https://firebase.googleapis.com/v1beta1/projects/ecommerce-34747/adminSdkConfig [none]
[debug] [2024-06-10T17:28:21.556Z] <<< [apiv2][status] GET https://firebase-public.firebaseio.com/cli.json 200
[debug] [2024-06-10T17:28:21.556Z] <<< [apiv2][body] GET https://firebase-public.firebaseio.com/cli.json {"cloudBuildErrorAfter":1594252800000,"cloudBuildWarnAfter":1590019200000,"defaultNode10After":1594252800000,"minVersion":"3.0.5","node8DeploysDisabledAfter":1613390400000,"node8RuntimeDisabledAfter":1615809600000,"node8WarnAfter":1600128000000}
[debug] [2024-06-10T17:28:23.000Z] <<< [apiv2][status] GET https://firebase.googleapis.com/v1beta1/projects/ecommerce-34747/adminSdkConfig 200
[debug] [2024-06-10T17:28:23.000Z] <<< [apiv2][body] GET https://firebase.googleapis.com/v1beta1/projects/ecommerce-34747/adminSdkConfig {"projectId":"ecommerce-34747","storageBucket":"ecommerce-34747.appspot.com"}
[debug] [2024-06-10T17:28:23.053Z] >>> [apiv2][query] GET https://firebasehosting.googleapis.com/v1beta1/projects/ecommerce-34747/sites 
[debug] [2024-06-10T17:28:24.833Z] <<< [apiv2][status] GET https://firebasehosting.googleapis.com/v1beta1/projects/ecommerce-34747/sites 200
[debug] [2024-06-10T17:28:24.833Z] <<< [apiv2][body] GET https://firebasehosting.googleapis.com/v1beta1/projects/ecommerce-34747/sites {"sites":[{"name":"projects/ecommerce-34747/sites/ecommerce-34747","defaultUrl":"https://ecommerce-34747.web.app","appId":"1:756839663478:web:ff7c51c2650a6f76765c57","type":"DEFAULT_SITE"}]}
[debug] [2024-06-10T17:28:24.838Z] >>> [apiv2][query] GET https://firebase.googleapis.com/v1beta1/projects/ecommerce-34747/webApps/1:756839663478:web:ff7c51c2650a6f76765c57/config [none]
[debug] [2024-06-10T17:28:26.255Z] <<< [apiv2][status] GET https://firebase.googleapis.com/v1beta1/projects/ecommerce-34747/webApps/1:756839663478:web:ff7c51c2650a6f76765c57/config 200
[debug] [2024-06-10T17:28:26.255Z] <<< [apiv2][body] GET https://firebase.googleapis.com/v1beta1/projects/ecommerce-34747/webApps/1:756839663478:web:ff7c51c2650a6f76765c57/config {"projectId":"ecommerce-34747","appId":"1:756839663478:web:ff7c51c2650a6f76765c57","storageBucket":"ecommerce-34747.appspot.com","apiKey":"AIzaSyCFrWVExZq_sxpIPT1KfgrCfNoZUMZ_1o0","authDomain":"ecommerce-34747.firebaseapp.com","messagingSenderId":"756839663478","measurementId":"G-VBD52C2TEL"}
[debug] [2024-06-10T17:28:26.270Z] >>> [apiv2][query] GET https://firebase.googleapis.com/v1beta1/projects/ecommerce-34747 [none]
[debug] [2024-06-10T17:28:26.994Z] <<< [apiv2][status] GET https://firebase.googleapis.com/v1beta1/projects/ecommerce-34747 200
[debug] [2024-06-10T17:28:26.995Z] <<< [apiv2][body] GET https://firebase.googleapis.com/v1beta1/projects/ecommerce-34747 {"projectId":"ecommerce-34747","projectNumber":"756839663478","displayName":"ecommerce","name":"projects/ecommerce-34747","resources":{"hostingSite":"ecommerce-34747"},"state":"ACTIVE","etag":"1_1e17d027-99ed-4f85-8d5c-74a5b70d18b1"}
[info] i  hosting[ecommerce-34747]: Serving hosting files from: build {"metadata":{"emulator":{"name":"hosting"},"message":"Serving hosting files from: \u001b[1mbuild\u001b[22m"}}
[info] +  hosting[ecommerce-34747]: Local server: http://127.0.0.1:5000 {"metadata":{"emulator":{"name":"hosting"},"message":"Local server: \u001b[4m\u001b[1mhttp://127.0.0.1:5000\u001b[22m\u001b[24m"}}
[debug] [2024-06-10T17:28:27.060Z] Ignoring unsupported arg: auto_download {"metadata":{"emulator":{"name":"ui"},"message":"Ignoring unsupported arg: auto_download"}}
[debug] [2024-06-10T17:28:27.060Z] Ignoring unsupported arg: port {"metadata":{"emulator":{"name":"ui"},"message":"Ignoring unsupported arg: port"}}
[debug] [2024-06-10T17:28:27.061Z] Starting Emulator UI with command {"binary":"node","args":["C:\\Users\\hp\\.cache\\firebase\\emulators\\ui-v1.11.7\\server\\server.js"],"optionalArgs":[],"joinArgs":false} {"metadata":{"emulator":{"name":"ui"},"message":"Starting Emulator UI with command {\"binary\":\"node\",\"args\":[\"C:\\\\Users\\\\hp\\\\.cache\\\\firebase\\\\emulators\\\\ui-v1.11.7\\\\server\\\\server.js\"],\"optionalArgs\":[],\"joinArgs\":false}"}}
[info] i  ui: Emulator UI logging to ui-debug.log {"metadata":{"emulator":{"name":"ui"},"message":"Emulator UI logging to \u001b[1mui-debug.log\u001b[22m"}}
[debug] [2024-06-10T17:28:27.339Z] Web / API server started at 127.0.0.1:4000
 {"metadata":{"emulator":{"name":"ui"},"message":"Web / API server started at 127.0.0.1:4000\n"}}
[debug] [2024-06-10T17:28:27.340Z] Web / API server started at ::1:4000
 {"metadata":{"emulator":{"name":"ui"},"message":"Web / API server started at ::1:4000\n"}}
[info] i  functions: Watching "E:\ecommerce\functions" for Cloud Functions... {"metadata":{"emulator":{"name":"functions"},"message":"Watching \"E:\\ecommerce\\functions\" for Cloud Functions..."}}
[debug] [2024-06-10T17:28:27.371Z] Validating nodejs source
[warn] !  functions: package.json indicates an outdated version of firebase-functions. Please upgrade using npm install --save firebase-functions@latest in your functions directory. 
[warn] !  functions: Please note that there will be breaking changes when you upgrade. 
[debug] [2024-06-10T17:28:31.474Z] > [functions] package.json contents: {
  "name": "functions",
  "description": "Cloud Functions for Firebase",
  "scripts": {
    "lint": "eslint .",
    "serve": "firebase emulators:start --only functions",
    "shell": "firebase functions:shell",
    "start": "npm run shell",
    "deploy": "firebase deploy --only functions",
    "logs": "firebase functions:log"
  },
  "engines": {
    "node": "18"
  },
  "main": "index.js",
  "dependencies": {
    "cors": "^2.8.5",
    "crypto": "^1.0.1",
    "express": "^4.19.2",
    "firebase-admin": "^11.8.0",
    "firebase-functions": "^4.3.1",
    "razorpay": "^2.9.4",
    "stripe": "^15.10.0"
  },
  "devDependencies": {
    "eslint": "^8.15.0",
    "eslint-config-google": "^0.14.0",
    "firebase-functions-test": "^3.1.0"
  },
  "private": true
}
[debug] [2024-06-10T17:28:31.474Z] Building nodejs source
[debug] [2024-06-10T17:28:31.475Z] Failed to find version of module node: reached end of search path E:\ecommerce\functions\node_modules
[info] +  functions: Using node@18 from host. 
[debug] [2024-06-10T17:28:31.479Z] Could not find functions.yaml. Must use http discovery
[debug] [2024-06-10T17:28:31.493Z] Found firebase-functions binary at 'E:\ecommerce\functions\node_modules\.bin\firebase-functions'
[info] Serving at port 8499

[debug] [2024-06-10T17:28:32.516Z] Got response from /__/functions.yaml {"endpoints":{"api":{"availableMemoryMb":null,"timeoutSeconds":null,"minInstances":null,"maxInstances":null,"ingressSettings":null,"concurrency":null,"serviceAccountEmail":null,"vpc":null,"platform":"gcfv2","labels":{},"httpsTrigger":{},"entryPoint":"api"}},"specVersion":"v1alpha1","requiredAPIs":[]}
[info] +  functions: Loaded functions definitions from source: api. {"metadata":{"emulator":{"name":"functions"},"message":"Loaded functions definitions from source: api."}}
[info] +  functions[us-central1-api]: http function initialized (http://127.0.0.1:5001/ecommerce-34747/us-central1/api). {"metadata":{"emulator":{"name":"functions"},"message":"\u001b[1mhttp\u001b[22m function initialized (http://127.0.0.1:5001/ecommerce-34747/us-central1/api)."}}
[info] 
┌─────────────────────────────────────────────────────────────┐
│ ✔  All emulators ready! It is now safe to connect your app. │
│ i  View Emulator UI at http://127.0.0.1:4000/               │
└─────────────────────────────────────────────────────────────┘

┌───────────┬────────────────┬─────────────────────────────────┐
│ Emulator  │ Host:Port      │ View in Emulator UI             │
├───────────┼────────────────┼─────────────────────────────────┤
│ Functions │ 127.0.0.1:5001 │ http://127.0.0.1:4000/functions │
├───────────┼────────────────┼─────────────────────────────────┤
│ Hosting   │ 127.0.0.1:5000 │ n/a                             │
└───────────┴────────────────┴─────────────────────────────────┘
  Emulator Hub running at 127.0.0.1:4400
  Other reserved ports: 4500

Issues? Report them at https://github.com/firebase/firebase-tools/issues and attach the *-debug.log files.
 
[debug] [2024-06-10T17:28:39.945Z] [work-queue] {"queuedWork":["/ecommerce-34747/us-central1/api/order-2024-06-10T17:28:39.945Z"],"queueLength":1,"runningWork":[],"workRunningCount":0}
[debug] [2024-06-10T17:28:39.946Z] [work-queue] {"queuedWork":[],"queueLength":0,"runningWork":["/ecommerce-34747/us-central1/api/order-2024-06-10T17:28:39.945Z"],"workRunningCount":1}
[debug] [2024-06-10T17:28:39.947Z] Accepted request OPTIONS /ecommerce-34747/us-central1/api/order --> us-central1-api
[debug] [2024-06-10T17:28:39.952Z] [functions] Runtime ready! Sending request! {"metadata":{"emulator":{"name":"functions"},"message":"[functions] Runtime ready! Sending request!"}}
[debug] [2024-06-10T17:28:39.953Z] [functions] Got req.url=/ecommerce-34747/us-central1/api/order, mapping to path=/order {"metadata":{"emulator":{"name":"functions"},"message":"[functions] Got req.url=/ecommerce-34747/us-central1/api/order, mapping to path=/order"}}
[debug] [2024-06-10T17:28:39.969Z] [worker-pool] addWorker(us-central1-api) {"metadata":{"emulator":{"name":"functions"},"message":"[worker-pool] addWorker(us-central1-api)"}}
[debug] [2024-06-10T17:28:39.971Z] [worker-pool] Adding worker with key us-central1-api, total=1 {"metadata":{"emulator":{"name":"functions"},"message":"[worker-pool] Adding worker with key us-central1-api, total=1"}}
[debug] [2024-06-10T17:28:42.074Z] [runtime-status] [19112] Resolved module firebase-admin {"declared":true,"installed":true,"version":"11.11.1","resolution":"E:\\ecommerce\\functions\\node_modules\\firebase-admin\\lib\\index.js"} {"metadata":{"emulator":{"name":"functions"},"function":{"name":"us-central1-api"},"extension":{},"message":"[runtime-status] [19112] Resolved module firebase-admin {\"declared\":true,\"installed\":true,\"version\":\"11.11.1\",\"resolution\":\"E:\\\\ecommerce\\\\functions\\\\node_modules\\\\firebase-admin\\\\lib\\\\index.js\"}"}}
[debug] [2024-06-10T17:28:42.076Z] [runtime-status] [19112] Resolved module firebase-functions {"declared":true,"installed":true,"version":"4.9.0","resolution":"E:\\ecommerce\\functions\\node_modules\\firebase-functions\\lib\\v1\\index.js"} {"metadata":{"emulator":{"name":"functions"},"function":{"name":"us-central1-api"},"extension":{},"message":"[runtime-status] [19112] Resolved module firebase-functions {\"declared\":true,\"installed\":true,\"version\":\"4.9.0\",\"resolution\":\"E:\\\\ecommerce\\\\functions\\\\node_modules\\\\firebase-functions\\\\lib\\\\v1\\\\index.js\"}"}}
[debug] [2024-06-10T17:28:42.077Z] [runtime-status] [19112] Outgoing network have been stubbed. [{"name":"http","status":"mocked"},{"name":"http","status":"mocked"},{"name":"https","status":"mocked"},{"name":"https","status":"mocked"},{"name":"net","status":"mocked"}] {"metadata":{"emulator":{"name":"functions"},"function":{"name":"us-central1-api"},"extension":{},"message":"[runtime-status] [19112] Outgoing network have been stubbed. [{\"name\":\"http\",\"status\":\"mocked\"},{\"name\":\"http\",\"status\":\"mocked\"},{\"name\":\"https\",\"status\":\"mocked\"},{\"name\":\"https\",\"status\":\"mocked\"},{\"name\":\"net\",\"status\":\"mocked\"}]"}}
[debug] [2024-06-10T17:28:42.079Z] [runtime-status] [19112] Resolved module firebase-functions {"declared":true,"installed":true,"version":"4.9.0","resolution":"E:\\ecommerce\\functions\\node_modules\\firebase-functions\\lib\\v1\\index.js"} {"metadata":{"emulator":{"name":"functions"},"function":{"name":"us-central1-api"},"extension":{},"message":"[runtime-status] [19112] Resolved module firebase-functions {\"declared\":true,\"installed\":true,\"version\":\"4.9.0\",\"resolution\":\"E:\\\\ecommerce\\\\functions\\\\node_modules\\\\firebase-functions\\\\lib\\\\v1\\\\index.js\"}"}}
[debug] [2024-06-10T17:28:42.483Z] [runtime-status] [19112] Checked functions.config() {"config":{}} {"metadata":{"emulator":{"name":"functions"},"function":{"name":"us-central1-api"},"extension":{},"message":"[runtime-status] [19112] Checked functions.config() {\"config\":{}}"}}
[debug] [2024-06-10T17:28:42.484Z] [runtime-status] [19112] firebase-functions has been stubbed. {"functionsResolution":{"declared":true,"installed":true,"version":"4.9.0","resolution":"E:\\ecommerce\\functions\\node_modules\\firebase-functions\\lib\\v1\\index.js"}} {"metadata":{"emulator":{"name":"functions"},"function":{"name":"us-central1-api"},"extension":{},"message":"[runtime-status] [19112] firebase-functions has been stubbed. {\"functionsResolution\":{\"declared\":true,\"installed\":true,\"version\":\"4.9.0\",\"resolution\":\"E:\\\\ecommerce\\\\functions\\\\node_modules\\\\firebase-functions\\\\lib\\\\v1\\\\index.js\"}}"}}
[debug] [2024-06-10T17:28:42.485Z] [runtime-status] [19112] Resolved module firebase-functions {"declared":true,"installed":true,"version":"4.9.0","resolution":"E:\\ecommerce\\functions\\node_modules\\firebase-functions\\lib\\v1\\index.js"} {"metadata":{"emulator":{"name":"functions"},"function":{"name":"us-central1-api"},"extension":{},"message":"[runtime-status] [19112] Resolved module firebase-functions {\"declared\":true,\"installed\":true,\"version\":\"4.9.0\",\"resolution\":\"E:\\\\ecommerce\\\\functions\\\\node_modules\\\\firebase-functions\\\\lib\\\\v1\\\\index.js\"}"}}
[debug] [2024-06-10T17:28:42.488Z] [runtime-status] [19112] Resolved module firebase-admin {"declared":true,"installed":true,"version":"11.11.1","resolution":"E:\\ecommerce\\functions\\node_modules\\firebase-admin\\lib\\index.js"} {"metadata":{"emulator":{"name":"functions"},"function":{"name":"us-central1-api"},"extension":{},"message":"[runtime-status] [19112] Resolved module firebase-admin {\"declared\":true,\"installed\":true,\"version\":\"11.11.1\",\"resolution\":\"E:\\\\ecommerce\\\\functions\\\\node_modules\\\\firebase-admin\\\\lib\\\\index.js\"}"}}
[debug] [2024-06-10T17:28:42.493Z] [runtime-status] [19112] Resolved module firebase-functions {"declared":true,"installed":true,"version":"4.9.0","resolution":"E:\\ecommerce\\functions\\node_modules\\firebase-functions\\lib\\v1\\index.js"} {"metadata":{"emulator":{"name":"functions"},"function":{"name":"us-central1-api"},"extension":{},"message":"[runtime-status] [19112] Resolved module firebase-functions {\"declared\":true,\"installed\":true,\"version\":\"4.9.0\",\"resolution\":\"E:\\\\ecommerce\\\\functions\\\\node_modules\\\\firebase-functions\\\\lib\\\\v1\\\\index.js\"}"}}
[debug] [2024-06-10T17:28:42.494Z] [runtime-status] [19112] firebase-admin has been stubbed. {"adminResolution":{"declared":true,"installed":true,"version":"11.11.1","resolution":"E:\\ecommerce\\functions\\node_modules\\firebase-admin\\lib\\index.js"}} {"metadata":{"emulator":{"name":"functions"},"function":{"name":"us-central1-api"},"extension":{},"message":"[runtime-status] [19112] firebase-admin has been stubbed. {\"adminResolution\":{\"declared\":true,\"installed\":true,\"version\":\"11.11.1\",\"resolution\":\"E:\\\\ecommerce\\\\functions\\\\node_modules\\\\firebase-admin\\\\lib\\\\index.js\"}}"}}
[debug] [2024-06-10T17:28:42.753Z] [runtime-status] [19112] Functions runtime initialized. {"cwd":"E:\\ecommerce\\functions","node_version":"18.16.0"} {"metadata":{"emulator":{"name":"functions"},"function":{"name":"us-central1-api"},"extension":{},"message":"[runtime-status] [19112] Functions runtime initialized. {\"cwd\":\"E:\\\\ecommerce\\\\functions\",\"node_version\":\"18.16.0\"}"}}
[debug] [2024-06-10T17:28:42.753Z] [runtime-status] [19112] Listening to port: \\?\pipe\fire_emu_fbdbdf0e00b91635 {"metadata":{"emulator":{"name":"functions"},"function":{"name":"us-central1-api"},"extension":{},"message":"[runtime-status] [19112] Listening to port: \\\\?\\pipe\\fire_emu_fbdbdf0e00b91635"}}
[debug] [2024-06-10T17:28:42.791Z] [worker-us-central1-api-64976495-19d1-4195-b7d3-e5f8757af187]: IDLE {"metadata":{"emulator":{"name":"functions"},"function":{"name":"us-central1-api"},"extension":{},"message":"[worker-us-central1-api-64976495-19d1-4195-b7d3-e5f8757af187]: IDLE"}}
[debug] [2024-06-10T17:28:42.791Z] [worker-pool] submitRequest(triggerId=us-central1-api) {"metadata":{"emulator":{"name":"functions"},"message":"[worker-pool] submitRequest(triggerId=us-central1-api)"}}
[info] i  functions: Beginning execution of "us-central1-api" {"metadata":{"emulator":{"name":"functions"},"function":{"name":"us-central1-api"},"extension":{},"message":"Beginning execution of \"us-central1-api\""}}
[debug] [2024-06-10T17:28:42.793Z] [worker-us-central1-api-64976495-19d1-4195-b7d3-e5f8757af187]: BUSY {"metadata":{"emulator":{"name":"functions"},"function":{"name":"us-central1-api"},"extension":{},"message":"[worker-us-central1-api-64976495-19d1-4195-b7d3-e5f8757af187]: BUSY"}}
[debug] [2024-06-10T17:28:42.800Z] Finishing up request with event=pause {"metadata":{"emulator":{"name":"functions"},"function":{"name":"us-central1-api"},"extension":{},"message":"Finishing up request with event=pause"}}
[info] i  functions: Finished "us-central1-api" in 7.516ms {"metadata":{"emulator":{"name":"functions"},"function":{"name":"us-central1-api"},"extension":{},"message":"Finished \"us-central1-api\" in 7.516ms"}}
[debug] [2024-06-10T17:28:42.802Z] [worker-us-central1-api-64976495-19d1-4195-b7d3-e5f8757af187]: IDLE {"metadata":{"emulator":{"name":"functions"},"function":{"name":"us-central1-api"},"extension":{},"message":"[worker-us-central1-api-64976495-19d1-4195-b7d3-e5f8757af187]: IDLE"}}
[debug] [2024-06-10T17:28:42.802Z] Finishing up request with event=finish {"metadata":{"emulator":{"name":"functions"},"function":{"name":"us-central1-api"},"extension":{},"message":"Finishing up request with event=finish"}}
[debug] [2024-06-10T17:28:42.802Z] Finishing up request with event=close {"metadata":{"emulator":{"name":"functions"},"function":{"name":"us-central1-api"},"extension":{},"message":"Finishing up request with event=close"}}
[debug] [2024-06-10T17:28:42.803Z] [work-queue] {"queuedWork":[],"queueLength":0,"runningWork":[],"workRunningCount":0}
[debug] [2024-06-10T17:28:42.804Z] [work-queue] {"queuedWork":["/ecommerce-34747/us-central1/api/order-2024-06-10T17:28:42.804Z"],"queueLength":1,"runningWork":[],"workRunningCount":0}
[debug] [2024-06-10T17:28:42.804Z] [work-queue] {"queuedWork":[],"queueLength":0,"runningWork":["/ecommerce-34747/us-central1/api/order-2024-06-10T17:28:42.804Z"],"workRunningCount":1}
[debug] [2024-06-10T17:28:42.804Z] Accepted request POST /ecommerce-34747/us-central1/api/order --> us-central1-api
[debug] [2024-06-10T17:28:42.807Z] [functions] Runtime ready! Sending request! {"metadata":{"emulator":{"name":"functions"},"message":"[functions] Runtime ready! Sending request!"}}
[debug] [2024-06-10T17:28:42.808Z] [functions] Got req.url=/ecommerce-34747/us-central1/api/order, mapping to path=/order {"metadata":{"emulator":{"name":"functions"},"message":"[functions] Got req.url=/ecommerce-34747/us-central1/api/order, mapping to path=/order"}}
[debug] [2024-06-10T17:28:42.808Z] [worker-pool] submitRequest(triggerId=us-central1-api) {"metadata":{"emulator":{"name":"functions"},"message":"[worker-pool] submitRequest(triggerId=us-central1-api)"}}
[info] i  functions: Beginning execution of "us-central1-api" {"metadata":{"emulator":{"name":"functions"},"function":{"name":"us-central1-api"},"extension":{},"message":"Beginning execution of \"us-central1-api\""}}
[debug] [2024-06-10T17:28:42.809Z] [worker-us-central1-api-64976495-19d1-4195-b7d3-e5f8757af187]: BUSY {"metadata":{"emulator":{"name":"functions"},"function":{"name":"us-central1-api"},"extension":{},"message":"[worker-us-central1-api-64976495-19d1-4195-b7d3-e5f8757af187]: BUSY"}}
[info] >  { amount: 250.96 } {"user":"{ amount: 250.96 }","metadata":{"emulator":{"name":"functions"},"function":{"name":"us-central1-api"},"extension":{},"message":"\u001b[90m> \u001b[39m { amount: 250.96 }"}}
[info] >  TypeError: Cannot read properties of undefined (reading 'status') {"user":"TypeError: Cannot read properties of undefined (reading 'status')","metadata":{"emulator":{"name":"functions"},"function":{"name":"us-central1-api"},"extension":{},"message":"\u001b[90m> \u001b[39m TypeError: Cannot read properties of undefined (reading 'status')"}}
[info] >      at normalizeError (E:\ecommerce\functions\node_modules\razorpay\dist\api.js:40:30) {"user":"    at normalizeError (E:\\ecommerce\\functions\\node_modules\\razorpay\\dist\\api.js:40:30)","metadata":{"emulator":{"name":"functions"},"function":{"name":"us-central1-api"},"extension":{},"message":"\u001b[90m> \u001b[39m     at normalizeError (E:\\ecommerce\\functions\\node_modules\\razorpay\\dist\\api.js:40:30)"}}
[info] >      at process.processTicksAndRejections (node:internal/process/task_queues:95:5) {"user":"    at process.processTicksAndRejections (node:internal/process/task_queues:95:5)","metadata":{"emulator":{"name":"functions"},"function":{"name":"us-central1-api"},"extension":{},"message":"\u001b[90m> \u001b[39m     at process.processTicksAndRejections (node:internal/process/task_queues:95:5)"}}
[debug] [2024-06-10T17:29:04.135Z] Finishing up request with event=pause {"metadata":{"emulator":{"name":"functions"},"function":{"name":"us-central1-api"},"extension":{},"message":"Finishing up request with event=pause"}}
[info] i  functions: Finished "us-central1-api" in 21326.8608ms {"metadata":{"emulator":{"name":"functions"},"function":{"name":"us-central1-api"},"extension":{},"message":"Finished \"us-central1-api\" in 21326.8608ms"}}
[debug] [2024-06-10T17:29:04.138Z] [worker-us-central1-api-64976495-19d1-4195-b7d3-e5f8757af187]: IDLE {"metadata":{"emulator":{"name":"functions"},"function":{"name":"us-central1-api"},"extension":{},"message":"[worker-us-central1-api-64976495-19d1-4195-b7d3-e5f8757af187]: IDLE"}}
[debug] [2024-06-10T17:29:04.138Z] Finishing up request with event=finish {"metadata":{"emulator":{"name":"functions"},"function":{"name":"us-central1-api"},"extension":{},"message":"Finishing up request with event=finish"}}
[debug] [2024-06-10T17:29:04.139Z] Finishing up request with event=close {"metadata":{"emulator":{"name":"functions"},"function":{"name":"us-central1-api"},"extension":{},"message":"Finishing up request with event=close"}}
[debug] [2024-06-10T17:29:04.139Z] [work-queue] {"queuedWork":[],"queueLength":0,"runningWork":[],"workRunningCount":0}
[debug] [2024-06-10T17:33:32.086Z] [work-queue] {"queuedWork":["/ecommerce-34747/us-central1/api/order-2024-06-10T17:33:32.086Z"],"queueLength":1,"runningWork":[],"workRunningCount":0}
[debug] [2024-06-10T17:33:32.087Z] [work-queue] {"queuedWork":[],"queueLength":0,"runningWork":["/ecommerce-34747/us-central1/api/order-2024-06-10T17:33:32.086Z"],"workRunningCount":1}
[debug] [2024-06-10T17:33:32.088Z] Accepted request OPTIONS /ecommerce-34747/us-central1/api/order --> us-central1-api
[debug] [2024-06-10T17:33:32.102Z] [functions] Runtime ready! Sending request! {"metadata":{"emulator":{"name":"functions"},"message":"[functions] Runtime ready! Sending request!"}}
[debug] [2024-06-10T17:33:32.103Z] [functions] Got req.url=/ecommerce-34747/us-central1/api/order, mapping to path=/order {"metadata":{"emulator":{"name":"functions"},"message":"[functions] Got req.url=/ecommerce-34747/us-central1/api/order, mapping to path=/order"}}
[debug] [2024-06-10T17:33:32.103Z] [worker-pool] submitRequest(triggerId=us-central1-api) {"metadata":{"emulator":{"name":"functions"},"message":"[worker-pool] submitRequest(triggerId=us-central1-api)"}}
[info] i  functions: Beginning execution of "us-central1-api" {"metadata":{"emulator":{"name":"functions"},"function":{"name":"us-central1-api"},"extension":{},"message":"Beginning execution of \"us-central1-api\""}}
[debug] [2024-06-10T17:33:32.110Z] [worker-us-central1-api-64976495-19d1-4195-b7d3-e5f8757af187]: BUSY {"metadata":{"emulator":{"name":"functions"},"function":{"name":"us-central1-api"},"extension":{},"message":"[worker-us-central1-api-64976495-19d1-4195-b7d3-e5f8757af187]: BUSY"}}
[debug] [2024-06-10T17:33:32.118Z] Finishing up request with event=pause {"metadata":{"emulator":{"name":"functions"},"function":{"name":"us-central1-api"},"extension":{},"message":"Finishing up request with event=pause"}}
[info] i  functions: Finished "us-central1-api" in 8.2898ms {"metadata":{"emulator":{"name":"functions"},"function":{"name":"us-central1-api"},"extension":{},"message":"Finished \"us-central1-api\" in 8.2898ms"}}
[debug] [2024-06-10T17:33:32.119Z] [worker-us-central1-api-64976495-19d1-4195-b7d3-e5f8757af187]: IDLE {"metadata":{"emulator":{"name":"functions"},"function":{"name":"us-central1-api"},"extension":{},"message":"[worker-us-central1-api-64976495-19d1-4195-b7d3-e5f8757af187]: IDLE"}}
[debug] [2024-06-10T17:33:32.120Z] Finishing up request with event=finish {"metadata":{"emulator":{"name":"functions"},"function":{"name":"us-central1-api"},"extension":{},"message":"Finishing up request with event=finish"}}
[debug] [2024-06-10T17:33:32.120Z] Finishing up request with event=close {"metadata":{"emulator":{"name":"functions"},"function":{"name":"us-central1-api"},"extension":{},"message":"Finishing up request with event=close"}}
[debug] [2024-06-10T17:33:32.121Z] [work-queue] {"queuedWork":[],"queueLength":0,"runningWork":[],"workRunningCount":0}
[debug] [2024-06-10T17:33:32.126Z] [work-queue] {"queuedWork":["/ecommerce-34747/us-central1/api/order-2024-06-10T17:33:32.126Z"],"queueLength":1,"runningWork":[],"workRunningCount":0}
[debug] [2024-06-10T17:33:32.127Z] [work-queue] {"queuedWork":[],"queueLength":0,"runningWork":["/ecommerce-34747/us-central1/api/order-2024-06-10T17:33:32.126Z"],"workRunningCount":1}
[debug] [2024-06-10T17:33:32.127Z] Accepted request POST /ecommerce-34747/us-central1/api/order --> us-central1-api
[debug] [2024-06-10T17:33:32.131Z] [functions] Runtime ready! Sending request! {"metadata":{"emulator":{"name":"functions"},"message":"[functions] Runtime ready! Sending request!"}}
[debug] [2024-06-10T17:33:32.132Z] [functions] Got req.url=/ecommerce-34747/us-central1/api/order, mapping to path=/order {"metadata":{"emulator":{"name":"functions"},"message":"[functions] Got req.url=/ecommerce-34747/us-central1/api/order, mapping to path=/order"}}
[debug] [2024-06-10T17:33:32.132Z] [worker-pool] submitRequest(triggerId=us-central1-api) {"metadata":{"emulator":{"name":"functions"},"message":"[worker-pool] submitRequest(triggerId=us-central1-api)"}}
[info] i  functions: Beginning execution of "us-central1-api" {"metadata":{"emulator":{"name":"functions"},"function":{"name":"us-central1-api"},"extension":{},"message":"Beginning execution of \"us-central1-api\""}}
[debug] [2024-06-10T17:33:32.133Z] [worker-us-central1-api-64976495-19d1-4195-b7d3-e5f8757af187]: BUSY {"metadata":{"emulator":{"name":"functions"},"function":{"name":"us-central1-api"},"extension":{},"message":"[worker-us-central1-api-64976495-19d1-4195-b7d3-e5f8757af187]: BUSY"}}
[info] >  { amount: 98.99 } {"user":"{ amount: 98.99 }","metadata":{"emulator":{"name":"functions"},"function":{"name":"us-central1-api"},"extension":{},"message":"\u001b[90m> \u001b[39m { amount: 98.99 }"}}
[debug] [2024-06-10T17:33:39.618Z] Finishing up request with event=pause {"metadata":{"emulator":{"name":"functions"},"function":{"name":"us-central1-api"},"extension":{},"message":"Finishing up request with event=pause"}}
[info] i  functions: Finished "us-central1-api" in 7485.7409ms {"metadata":{"emulator":{"name":"functions"},"function":{"name":"us-central1-api"},"extension":{},"message":"Finished \"us-central1-api\" in 7485.7409ms"}}
[debug] [2024-06-10T17:33:39.620Z] [worker-us-central1-api-64976495-19d1-4195-b7d3-e5f8757af187]: IDLE {"metadata":{"emulator":{"name":"functions"},"function":{"name":"us-central1-api"},"extension":{},"message":"[worker-us-central1-api-64976495-19d1-4195-b7d3-e5f8757af187]: IDLE"}}
[debug] [2024-06-10T17:33:39.620Z] Finishing up request with event=finish {"metadata":{"emulator":{"name":"functions"},"function":{"name":"us-central1-api"},"extension":{},"message":"Finishing up request with event=finish"}}
[debug] [2024-06-10T17:33:39.620Z] Finishing up request with event=close {"metadata":{"emulator":{"name":"functions"},"function":{"name":"us-central1-api"},"extension":{},"message":"Finishing up request with event=close"}}
[debug] [2024-06-10T17:33:39.621Z] [work-queue] {"queuedWork":[],"queueLength":0,"runningWork":[],"workRunningCount":0}
[info] >  { {"user":"{","metadata":{"emulator":{"name":"functions"},"function":{"name":"us-central1-api"},"extension":{},"message":"\u001b[90m> \u001b[39m {"}}
[info] >    amount: 9899, {"user":"  amount: 9899,","metadata":{"emulator":{"name":"functions"},"function":{"name":"us-central1-api"},"extension":{},"message":"\u001b[90m> \u001b[39m   amount: 9899,"}}
[info] >    amount_due: 9899, {"user":"  amount_due: 9899,","metadata":{"emulator":{"name":"functions"},"function":{"name":"us-central1-api"},"extension":{},"message":"\u001b[90m> \u001b[39m   amount_due: 9899,"}}
[info] >    amount_paid: 0, {"user":"  amount_paid: 0,","metadata":{"emulator":{"name":"functions"},"function":{"name":"us-central1-api"},"extension":{},"message":"\u001b[90m> \u001b[39m   amount_paid: 0,"}}
[info] >    attempts: 0, {"user":"  attempts: 0,","metadata":{"emulator":{"name":"functions"},"function":{"name":"us-central1-api"},"extension":{},"message":"\u001b[90m> \u001b[39m   attempts: 0,"}}
[info] >    created_at: 1718040831, {"user":"  created_at: 1718040831,","metadata":{"emulator":{"name":"functions"},"function":{"name":"us-central1-api"},"extension":{},"message":"\u001b[90m> \u001b[39m   created_at: 1718040831,"}}
[info] >    currency: 'INR', {"user":"  currency: 'INR',","metadata":{"emulator":{"name":"functions"},"function":{"name":"us-central1-api"},"extension":{},"message":"\u001b[90m> \u001b[39m   currency: 'INR',"}}
[info] >    entity: 'order', {"user":"  entity: 'order',","metadata":{"emulator":{"name":"functions"},"function":{"name":"us-central1-api"},"extension":{},"message":"\u001b[90m> \u001b[39m   entity: 'order',"}}
[info] >    id: 'order_OL8rVrMPiPg4bf', {"user":"  id: 'order_OL8rVrMPiPg4bf',","metadata":{"emulator":{"name":"functions"},"function":{"name":"us-central1-api"},"extension":{},"message":"\u001b[90m> \u001b[39m   id: 'order_OL8rVrMPiPg4bf',"}}
[info] >    notes: [], {"user":"  notes: [],","metadata":{"emulator":{"name":"functions"},"function":{"name":"us-central1-api"},"extension":{},"message":"\u001b[90m> \u001b[39m   notes: [],"}}
[info] >    offer_id: null, {"user":"  offer_id: null,","metadata":{"emulator":{"name":"functions"},"function":{"name":"us-central1-api"},"extension":{},"message":"\u001b[90m> \u001b[39m   offer_id: null,"}}
[info] >    receipt: '19391aec8c90b7a77664', {"user":"  receipt: '19391aec8c90b7a77664',","metadata":{"emulator":{"name":"functions"},"function":{"name":"us-central1-api"},"extension":{},"message":"\u001b[90m> \u001b[39m   receipt: '19391aec8c90b7a77664',"}}
[info] >    status: 'created' {"user":"  status: 'created'","metadata":{"emulator":{"name":"functions"},"function":{"name":"us-central1-api"},"extension":{},"message":"\u001b[90m> \u001b[39m   status: 'created'"}}
[info] >  } {"user":"}","metadata":{"emulator":{"name":"functions"},"function":{"name":"us-central1-api"},"extension":{},"message":"\u001b[90m> \u001b[39m }"}}
[debug] [2024-06-10T17:34:14.963Z] [work-queue] {"queuedWork":["/ecommerce-34747/us-central1/api/order-2024-06-10T17:34:14.963Z"],"queueLength":1,"runningWork":[],"workRunningCount":0}
[debug] [2024-06-10T17:34:14.964Z] [work-queue] {"queuedWork":[],"queueLength":0,"runningWork":["/ecommerce-34747/us-central1/api/order-2024-06-10T17:34:14.963Z"],"workRunningCount":1}
[debug] [2024-06-10T17:34:14.964Z] Accepted request OPTIONS /ecommerce-34747/us-central1/api/order --> us-central1-api
[debug] [2024-06-10T17:34:14.970Z] [functions] Runtime ready! Sending request! {"metadata":{"emulator":{"name":"functions"},"message":"[functions] Runtime ready! Sending request!"}}
[debug] [2024-06-10T17:34:14.970Z] [functions] Got req.url=/ecommerce-34747/us-central1/api/order, mapping to path=/order {"metadata":{"emulator":{"name":"functions"},"message":"[functions] Got req.url=/ecommerce-34747/us-central1/api/order, mapping to path=/order"}}
[debug] [2024-06-10T17:34:14.970Z] [worker-pool] submitRequest(triggerId=us-central1-api) {"metadata":{"emulator":{"name":"functions"},"message":"[worker-pool] submitRequest(triggerId=us-central1-api)"}}
[info] i  functions: Beginning execution of "us-central1-api" {"metadata":{"emulator":{"name":"functions"},"function":{"name":"us-central1-api"},"extension":{},"message":"Beginning execution of \"us-central1-api\""}}
[debug] [2024-06-10T17:34:14.972Z] [worker-us-central1-api-64976495-19d1-4195-b7d3-e5f8757af187]: BUSY {"metadata":{"emulator":{"name":"functions"},"function":{"name":"us-central1-api"},"extension":{},"message":"[worker-us-central1-api-64976495-19d1-4195-b7d3-e5f8757af187]: BUSY"}}
[debug] [2024-06-10T17:34:14.976Z] Finishing up request with event=pause {"metadata":{"emulator":{"name":"functions"},"function":{"name":"us-central1-api"},"extension":{},"message":"Finishing up request with event=pause"}}
[info] i  functions: Finished "us-central1-api" in 4.2742ms {"metadata":{"emulator":{"name":"functions"},"function":{"name":"us-central1-api"},"extension":{},"message":"Finished \"us-central1-api\" in 4.2742ms"}}
[debug] [2024-06-10T17:34:14.978Z] [worker-us-central1-api-64976495-19d1-4195-b7d3-e5f8757af187]: IDLE {"metadata":{"emulator":{"name":"functions"},"function":{"name":"us-central1-api"},"extension":{},"message":"[worker-us-central1-api-64976495-19d1-4195-b7d3-e5f8757af187]: IDLE"}}
[debug] [2024-06-10T17:34:14.978Z] Finishing up request with event=finish {"metadata":{"emulator":{"name":"functions"},"function":{"name":"us-central1-api"},"extension":{},"message":"Finishing up request with event=finish"}}
[debug] [2024-06-10T17:34:14.978Z] Finishing up request with event=close {"metadata":{"emulator":{"name":"functions"},"function":{"name":"us-central1-api"},"extension":{},"message":"Finishing up request with event=close"}}
[debug] [2024-06-10T17:34:14.979Z] [work-queue] {"queuedWork":[],"queueLength":0,"runningWork":[],"workRunningCount":0}
[debug] [2024-06-10T17:34:14.981Z] [work-queue] {"queuedWork":["/ecommerce-34747/us-central1/api/order-2024-06-10T17:34:14.981Z"],"queueLength":1,"runningWork":[],"workRunningCount":0}
[debug] [2024-06-10T17:34:14.981Z] [work-queue] {"queuedWork":[],"queueLength":0,"runningWork":["/ecommerce-34747/us-central1/api/order-2024-06-10T17:34:14.981Z"],"workRunningCount":1}
[debug] [2024-06-10T17:34:14.982Z] Accepted request POST /ecommerce-34747/us-central1/api/order --> us-central1-api
[debug] [2024-06-10T17:34:14.986Z] [functions] Runtime ready! Sending request! {"metadata":{"emulator":{"name":"functions"},"message":"[functions] Runtime ready! Sending request!"}}
[debug] [2024-06-10T17:34:14.986Z] [functions] Got req.url=/ecommerce-34747/us-central1/api/order, mapping to path=/order {"metadata":{"emulator":{"name":"functions"},"message":"[functions] Got req.url=/ecommerce-34747/us-central1/api/order, mapping to path=/order"}}
[debug] [2024-06-10T17:34:14.987Z] [worker-pool] submitRequest(triggerId=us-central1-api) {"metadata":{"emulator":{"name":"functions"},"message":"[worker-pool] submitRequest(triggerId=us-central1-api)"}}
[info] i  functions: Beginning execution of "us-central1-api" {"metadata":{"emulator":{"name":"functions"},"function":{"name":"us-central1-api"},"extension":{},"message":"Beginning execution of \"us-central1-api\""}}
[debug] [2024-06-10T17:34:14.988Z] [worker-us-central1-api-64976495-19d1-4195-b7d3-e5f8757af187]: BUSY {"metadata":{"emulator":{"name":"functions"},"function":{"name":"us-central1-api"},"extension":{},"message":"[worker-us-central1-api-64976495-19d1-4195-b7d3-e5f8757af187]: BUSY"}}
[info] >  { amount: 250.96 } {"user":"{ amount: 250.96 }","metadata":{"emulator":{"name":"functions"},"function":{"name":"us-central1-api"},"extension":{},"message":"\u001b[90m> \u001b[39m { amount: 250.96 }"}}
[debug] [2024-06-10T17:34:20.163Z] Finishing up request with event=pause {"metadata":{"emulator":{"name":"functions"},"function":{"name":"us-central1-api"},"extension":{},"message":"Finishing up request with event=pause"}}
[info] i  functions: Finished "us-central1-api" in 5176.012ms {"metadata":{"emulator":{"name":"functions"},"function":{"name":"us-central1-api"},"extension":{},"message":"Finished \"us-central1-api\" in 5176.012ms"}}
[debug] [2024-06-10T17:34:20.165Z] [worker-us-central1-api-64976495-19d1-4195-b7d3-e5f8757af187]: IDLE {"metadata":{"emulator":{"name":"functions"},"function":{"name":"us-central1-api"},"extension":{},"message":"[worker-us-central1-api-64976495-19d1-4195-b7d3-e5f8757af187]: IDLE"}}
[debug] [2024-06-10T17:34:20.165Z] Finishing up request with event=finish {"metadata":{"emulator":{"name":"functions"},"function":{"name":"us-central1-api"},"extension":{},"message":"Finishing up request with event=finish"}}
[debug] [2024-06-10T17:34:20.166Z] Finishing up request with event=close {"metadata":{"emulator":{"name":"functions"},"function":{"name":"us-central1-api"},"extension":{},"message":"Finishing up request with event=close"}}
[debug] [2024-06-10T17:34:20.166Z] [work-queue] {"queuedWork":[],"queueLength":0,"runningWork":[],"workRunningCount":0}
[info] >  { {"user":"{","metadata":{"emulator":{"name":"functions"},"function":{"name":"us-central1-api"},"extension":{},"message":"\u001b[90m> \u001b[39m {"}}
[info] >    amount: 25096, {"user":"  amount: 25096,","metadata":{"emulator":{"name":"functions"},"function":{"name":"us-central1-api"},"extension":{},"message":"\u001b[90m> \u001b[39m   amount: 25096,"}}
[info] >    amount_due: 25096, {"user":"  amount_due: 25096,","metadata":{"emulator":{"name":"functions"},"function":{"name":"us-central1-api"},"extension":{},"message":"\u001b[90m> \u001b[39m   amount_due: 25096,"}}
[info] >    amount_paid: 0, {"user":"  amount_paid: 0,","metadata":{"emulator":{"name":"functions"},"function":{"name":"us-central1-api"},"extension":{},"message":"\u001b[90m> \u001b[39m   amount_paid: 0,"}}
[info] >    attempts: 0, {"user":"  attempts: 0,","metadata":{"emulator":{"name":"functions"},"function":{"name":"us-central1-api"},"extension":{},"message":"\u001b[90m> \u001b[39m   attempts: 0,"}}
[info] >    created_at: 1718040872, {"user":"  created_at: 1718040872,","metadata":{"emulator":{"name":"functions"},"function":{"name":"us-central1-api"},"extension":{},"message":"\u001b[90m> \u001b[39m   created_at: 1718040872,"}}
[info] >    currency: 'INR', {"user":"  currency: 'INR',","metadata":{"emulator":{"name":"functions"},"function":{"name":"us-central1-api"},"extension":{},"message":"\u001b[90m> \u001b[39m   currency: 'INR',"}}
[info] >    entity: 'order', {"user":"  entity: 'order',","metadata":{"emulator":{"name":"functions"},"function":{"name":"us-central1-api"},"extension":{},"message":"\u001b[90m> \u001b[39m   entity: 'order',"}}
[info] >    id: 'order_OL8sE7LZWsYteb', {"user":"  id: 'order_OL8sE7LZWsYteb',","metadata":{"emulator":{"name":"functions"},"function":{"name":"us-central1-api"},"extension":{},"message":"\u001b[90m> \u001b[39m   id: 'order_OL8sE7LZWsYteb',"}}
[info] >    notes: [], {"user":"  notes: [],","metadata":{"emulator":{"name":"functions"},"function":{"name":"us-central1-api"},"extension":{},"message":"\u001b[90m> \u001b[39m   notes: [],"}}
[info] >    offer_id: null, {"user":"  offer_id: null,","metadata":{"emulator":{"name":"functions"},"function":{"name":"us-central1-api"},"extension":{},"message":"\u001b[90m> \u001b[39m   offer_id: null,"}}
[info] >    receipt: '3a05a0948bc14cfdce44', {"user":"  receipt: '3a05a0948bc14cfdce44',","metadata":{"emulator":{"name":"functions"},"function":{"name":"us-central1-api"},"extension":{},"message":"\u001b[90m> \u001b[39m   receipt: '3a05a0948bc14cfdce44',"}}
[info] >    status: 'created' {"user":"  status: 'created'","metadata":{"emulator":{"name":"functions"},"function":{"name":"us-central1-api"},"extension":{},"message":"\u001b[90m> \u001b[39m   status: 'created'"}}
[info] >  } {"user":"}","metadata":{"emulator":{"name":"functions"},"function":{"name":"us-central1-api"},"extension":{},"message":"\u001b[90m> \u001b[39m }"}}
[debug] [2024-06-10T17:35:01.631Z] [work-queue] {"queuedWork":["/ecommerce-34747/us-central1/api/order-2024-06-10T17:35:01.631Z"],"queueLength":1,"runningWork":[],"workRunningCount":0}
[debug] [2024-06-10T17:35:01.632Z] [work-queue] {"queuedWork":[],"queueLength":0,"runningWork":["/ecommerce-34747/us-central1/api/order-2024-06-10T17:35:01.631Z"],"workRunningCount":1}
[debug] [2024-06-10T17:35:01.632Z] Accepted request OPTIONS /ecommerce-34747/us-central1/api/order --> us-central1-api
[debug] [2024-06-10T17:35:01.637Z] [functions] Runtime ready! Sending request! {"metadata":{"emulator":{"name":"functions"},"message":"[functions] Runtime ready! Sending request!"}}
[debug] [2024-06-10T17:35:01.637Z] [functions] Got req.url=/ecommerce-34747/us-central1/api/order, mapping to path=/order {"metadata":{"emulator":{"name":"functions"},"message":"[functions] Got req.url=/ecommerce-34747/us-central1/api/order, mapping to path=/order"}}
[debug] [2024-06-10T17:35:01.638Z] [worker-pool] submitRequest(triggerId=us-central1-api) {"metadata":{"emulator":{"name":"functions"},"message":"[worker-pool] submitRequest(triggerId=us-central1-api)"}}
[info] i  functions: Beginning execution of "us-central1-api" {"metadata":{"emulator":{"name":"functions"},"function":{"name":"us-central1-api"},"extension":{},"message":"Beginning execution of \"us-central1-api\""}}
[debug] [2024-06-10T17:35:01.639Z] [worker-us-central1-api-64976495-19d1-4195-b7d3-e5f8757af187]: BUSY {"metadata":{"emulator":{"name":"functions"},"function":{"name":"us-central1-api"},"extension":{},"message":"[worker-us-central1-api-64976495-19d1-4195-b7d3-e5f8757af187]: BUSY"}}
[debug] [2024-06-10T17:35:01.642Z] Finishing up request with event=pause {"metadata":{"emulator":{"name":"functions"},"function":{"name":"us-central1-api"},"extension":{},"message":"Finishing up request with event=pause"}}
[info] i  functions: Finished "us-central1-api" in 3.4801ms {"metadata":{"emulator":{"name":"functions"},"function":{"name":"us-central1-api"},"extension":{},"message":"Finished \"us-central1-api\" in 3.4801ms"}}
[debug] [2024-06-10T17:35:01.644Z] [worker-us-central1-api-64976495-19d1-4195-b7d3-e5f8757af187]: IDLE {"metadata":{"emulator":{"name":"functions"},"function":{"name":"us-central1-api"},"extension":{},"message":"[worker-us-central1-api-64976495-19d1-4195-b7d3-e5f8757af187]: IDLE"}}
[debug] [2024-06-10T17:35:01.644Z] Finishing up request with event=finish {"metadata":{"emulator":{"name":"functions"},"function":{"name":"us-central1-api"},"extension":{},"message":"Finishing up request with event=finish"}}
[debug] [2024-06-10T17:35:01.644Z] Finishing up request with event=close {"metadata":{"emulator":{"name":"functions"},"function":{"name":"us-central1-api"},"extension":{},"message":"Finishing up request with event=close"}}
[debug] [2024-06-10T17:35:01.644Z] [work-queue] {"queuedWork":[],"queueLength":0,"runningWork":[],"workRunningCount":0}
[debug] [2024-06-10T17:35:01.645Z] [work-queue] {"queuedWork":["/ecommerce-34747/us-central1/api/order-2024-06-10T17:35:01.645Z"],"queueLength":1,"runningWork":[],"workRunningCount":0}
[debug] [2024-06-10T17:35:01.646Z] [work-queue] {"queuedWork":[],"queueLength":0,"runningWork":["/ecommerce-34747/us-central1/api/order-2024-06-10T17:35:01.645Z"],"workRunningCount":1}
[debug] [2024-06-10T17:35:01.646Z] Accepted request POST /ecommerce-34747/us-central1/api/order --> us-central1-api
[debug] [2024-06-10T17:35:01.650Z] [functions] Runtime ready! Sending request! {"metadata":{"emulator":{"name":"functions"},"message":"[functions] Runtime ready! Sending request!"}}
[debug] [2024-06-10T17:35:01.650Z] [functions] Got req.url=/ecommerce-34747/us-central1/api/order, mapping to path=/order {"metadata":{"emulator":{"name":"functions"},"message":"[functions] Got req.url=/ecommerce-34747/us-central1/api/order, mapping to path=/order"}}
[debug] [2024-06-10T17:35:01.651Z] [worker-pool] submitRequest(triggerId=us-central1-api) {"metadata":{"emulator":{"name":"functions"},"message":"[worker-pool] submitRequest(triggerId=us-central1-api)"}}
[info] i  functions: Beginning execution of "us-central1-api" {"metadata":{"emulator":{"name":"functions"},"function":{"name":"us-central1-api"},"extension":{},"message":"Beginning execution of \"us-central1-api\""}}
[debug] [2024-06-10T17:35:01.652Z] [worker-us-central1-api-64976495-19d1-4195-b7d3-e5f8757af187]: BUSY {"metadata":{"emulator":{"name":"functions"},"function":{"name":"us-central1-api"},"extension":{},"message":"[worker-us-central1-api-64976495-19d1-4195-b7d3-e5f8757af187]: BUSY"}}
[info] >  { amount: 199.99 } {"user":"{ amount: 199.99 }","metadata":{"emulator":{"name":"functions"},"function":{"name":"us-central1-api"},"extension":{},"message":"\u001b[90m> \u001b[39m { amount: 199.99 }"}}
[debug] [2024-06-10T17:35:09.862Z] Finishing up request with event=pause {"metadata":{"emulator":{"name":"functions"},"function":{"name":"us-central1-api"},"extension":{},"message":"Finishing up request with event=pause"}}
[info] i  functions: Finished "us-central1-api" in 8211.0015ms {"metadata":{"emulator":{"name":"functions"},"function":{"name":"us-central1-api"},"extension":{},"message":"Finished \"us-central1-api\" in 8211.0015ms"}}
[debug] [2024-06-10T17:35:09.865Z] [worker-us-central1-api-64976495-19d1-4195-b7d3-e5f8757af187]: IDLE {"metadata":{"emulator":{"name":"functions"},"function":{"name":"us-central1-api"},"extension":{},"message":"[worker-us-central1-api-64976495-19d1-4195-b7d3-e5f8757af187]: IDLE"}}
[debug] [2024-06-10T17:35:09.866Z] Finishing up request with event=finish {"metadata":{"emulator":{"name":"functions"},"function":{"name":"us-central1-api"},"extension":{},"message":"Finishing up request with event=finish"}}
[debug] [2024-06-10T17:35:09.866Z] Finishing up request with event=close {"metadata":{"emulator":{"name":"functions"},"function":{"name":"us-central1-api"},"extension":{},"message":"Finishing up request with event=close"}}
[debug] [2024-06-10T17:35:09.866Z] [work-queue] {"queuedWork":[],"queueLength":0,"runningWork":[],"workRunningCount":0}
[info] >  { {"user":"{","metadata":{"emulator":{"name":"functions"},"function":{"name":"us-central1-api"},"extension":{},"message":"\u001b[90m> \u001b[39m {"}}
[info] >    amount: 19999, {"user":"  amount: 19999,","metadata":{"emulator":{"name":"functions"},"function":{"name":"us-central1-api"},"extension":{},"message":"\u001b[90m> \u001b[39m   amount: 19999,"}}
[info] >    amount_due: 19999, {"user":"  amount_due: 19999,","metadata":{"emulator":{"name":"functions"},"function":{"name":"us-central1-api"},"extension":{},"message":"\u001b[90m> \u001b[39m   amount_due: 19999,"}}
[info] >    amount_paid: 0, {"user":"  amount_paid: 0,","metadata":{"emulator":{"name":"functions"},"function":{"name":"us-central1-api"},"extension":{},"message":"\u001b[90m> \u001b[39m   amount_paid: 0,"}}
[info] >    attempts: 0, {"user":"  attempts: 0,","metadata":{"emulator":{"name":"functions"},"function":{"name":"us-central1-api"},"extension":{},"message":"\u001b[90m> \u001b[39m   attempts: 0,"}}
[info] >    created_at: 1718040922, {"user":"  created_at: 1718040922,","metadata":{"emulator":{"name":"functions"},"function":{"name":"us-central1-api"},"extension":{},"message":"\u001b[90m> \u001b[39m   created_at: 1718040922,"}}
[info] >    currency: 'INR', {"user":"  currency: 'INR',","metadata":{"emulator":{"name":"functions"},"function":{"name":"us-central1-api"},"extension":{},"message":"\u001b[90m> \u001b[39m   currency: 'INR',"}}
[info] >    entity: 'order', {"user":"  entity: 'order',","metadata":{"emulator":{"name":"functions"},"function":{"name":"us-central1-api"},"extension":{},"message":"\u001b[90m> \u001b[39m   entity: 'order',"}}
[info] >    id: 'order_OL8t6MTtgAceKS', {"user":"  id: 'order_OL8t6MTtgAceKS',","metadata":{"emulator":{"name":"functions"},"function":{"name":"us-central1-api"},"extension":{},"message":"\u001b[90m> \u001b[39m   id: 'order_OL8t6MTtgAceKS',"}}
[info] >    notes: [], {"user":"  notes: [],","metadata":{"emulator":{"name":"functions"},"function":{"name":"us-central1-api"},"extension":{},"message":"\u001b[90m> \u001b[39m   notes: [],"}}
[info] >    offer_id: null, {"user":"  offer_id: null,","metadata":{"emulator":{"name":"functions"},"function":{"name":"us-central1-api"},"extension":{},"message":"\u001b[90m> \u001b[39m   offer_id: null,"}}
[info] >    receipt: '6c881e169c8a399f89c1', {"user":"  receipt: '6c881e169c8a399f89c1',","metadata":{"emulator":{"name":"functions"},"function":{"name":"us-central1-api"},"extension":{},"message":"\u001b[90m> \u001b[39m   receipt: '6c881e169c8a399f89c1',"}}
[info] >    status: 'created' {"user":"  status: 'created'","metadata":{"emulator":{"name":"functions"},"function":{"name":"us-central1-api"},"extension":{},"message":"\u001b[90m> \u001b[39m   status: 'created'"}}
[info] >  } {"user":"}","metadata":{"emulator":{"name":"functions"},"function":{"name":"us-central1-api"},"extension":{},"message":"\u001b[90m> \u001b[39m }"}}
[debug] [2024-06-10T17:36:36.444Z] [work-queue] {"queuedWork":["/ecommerce-34747/us-central1/api/verify-2024-06-10T17:36:36.444Z"],"queueLength":1,"runningWork":[],"workRunningCount":0}
[debug] [2024-06-10T17:36:36.445Z] [work-queue] {"queuedWork":[],"queueLength":0,"runningWork":["/ecommerce-34747/us-central1/api/verify-2024-06-10T17:36:36.444Z"],"workRunningCount":1}
[debug] [2024-06-10T17:36:36.445Z] Accepted request OPTIONS /ecommerce-34747/us-central1/api/verify --> us-central1-api
[debug] [2024-06-10T17:36:36.454Z] [functions] Runtime ready! Sending request! {"metadata":{"emulator":{"name":"functions"},"message":"[functions] Runtime ready! Sending request!"}}
[debug] [2024-06-10T17:36:36.455Z] [functions] Got req.url=/ecommerce-34747/us-central1/api/verify, mapping to path=/verify {"metadata":{"emulator":{"name":"functions"},"message":"[functions] Got req.url=/ecommerce-34747/us-central1/api/verify, mapping to path=/verify"}}
[debug] [2024-06-10T17:36:36.456Z] [worker-pool] submitRequest(triggerId=us-central1-api) {"metadata":{"emulator":{"name":"functions"},"message":"[worker-pool] submitRequest(triggerId=us-central1-api)"}}
[info] i  functions: Beginning execution of "us-central1-api" {"metadata":{"emulator":{"name":"functions"},"function":{"name":"us-central1-api"},"extension":{},"message":"Beginning execution of \"us-central1-api\""}}
[debug] [2024-06-10T17:36:36.457Z] [worker-us-central1-api-64976495-19d1-4195-b7d3-e5f8757af187]: BUSY {"metadata":{"emulator":{"name":"functions"},"function":{"name":"us-central1-api"},"extension":{},"message":"[worker-us-central1-api-64976495-19d1-4195-b7d3-e5f8757af187]: BUSY"}}
[debug] [2024-06-10T17:36:36.464Z] Finishing up request with event=pause {"metadata":{"emulator":{"name":"functions"},"function":{"name":"us-central1-api"},"extension":{},"message":"Finishing up request with event=pause"}}
[info] i  functions: Finished "us-central1-api" in 6.8057ms {"metadata":{"emulator":{"name":"functions"},"function":{"name":"us-central1-api"},"extension":{},"message":"Finished \"us-central1-api\" in 6.8057ms"}}
[debug] [2024-06-10T17:36:36.470Z] [worker-us-central1-api-64976495-19d1-4195-b7d3-e5f8757af187]: IDLE {"metadata":{"emulator":{"name":"functions"},"function":{"name":"us-central1-api"},"extension":{},"message":"[worker-us-central1-api-64976495-19d1-4195-b7d3-e5f8757af187]: IDLE"}}
[debug] [2024-06-10T17:36:36.470Z] Finishing up request with event=finish {"metadata":{"emulator":{"name":"functions"},"function":{"name":"us-central1-api"},"extension":{},"message":"Finishing up request with event=finish"}}
[debug] [2024-06-10T17:36:36.471Z] Finishing up request with event=close {"metadata":{"emulator":{"name":"functions"},"function":{"name":"us-central1-api"},"extension":{},"message":"Finishing up request with event=close"}}
[debug] [2024-06-10T17:36:36.471Z] [work-queue] {"queuedWork":[],"queueLength":0,"runningWork":[],"workRunningCount":0}
[debug] [2024-06-10T17:36:36.473Z] [work-queue] {"queuedWork":["/ecommerce-34747/us-central1/api/verify-2024-06-10T17:36:36.473Z"],"queueLength":1,"runningWork":[],"workRunningCount":0}
[debug] [2024-06-10T17:36:36.474Z] [work-queue] {"queuedWork":[],"queueLength":0,"runningWork":["/ecommerce-34747/us-central1/api/verify-2024-06-10T17:36:36.473Z"],"workRunningCount":1}
[debug] [2024-06-10T17:36:36.474Z] Accepted request POST /ecommerce-34747/us-central1/api/verify --> us-central1-api
[debug] [2024-06-10T17:36:36.480Z] [functions] Runtime ready! Sending request! {"metadata":{"emulator":{"name":"functions"},"message":"[functions] Runtime ready! Sending request!"}}
[debug] [2024-06-10T17:36:36.481Z] [functions] Got req.url=/ecommerce-34747/us-central1/api/verify, mapping to path=/verify {"metadata":{"emulator":{"name":"functions"},"message":"[functions] Got req.url=/ecommerce-34747/us-central1/api/verify, mapping to path=/verify"}}
[debug] [2024-06-10T17:36:36.481Z] [worker-pool] submitRequest(triggerId=us-central1-api) {"metadata":{"emulator":{"name":"functions"},"message":"[worker-pool] submitRequest(triggerId=us-central1-api)"}}
[info] i  functions: Beginning execution of "us-central1-api" {"metadata":{"emulator":{"name":"functions"},"function":{"name":"us-central1-api"},"extension":{},"message":"Beginning execution of \"us-central1-api\""}}
[debug] [2024-06-10T17:36:36.495Z] [worker-us-central1-api-64976495-19d1-4195-b7d3-e5f8757af187]: BUSY {"metadata":{"emulator":{"name":"functions"},"function":{"name":"us-central1-api"},"extension":{},"message":"[worker-us-central1-api-64976495-19d1-4195-b7d3-e5f8757af187]: BUSY"}}
[info] >  reached {"user":"reached","metadata":{"emulator":{"name":"functions"},"function":{"name":"us-central1-api"},"extension":{},"message":"\u001b[90m> \u001b[39m reached"}}
[debug] [2024-06-10T17:36:36.512Z] Finishing up request with event=pause {"metadata":{"emulator":{"name":"functions"},"function":{"name":"us-central1-api"},"extension":{},"message":"Finishing up request with event=pause"}}
[info] i  functions: Finished "us-central1-api" in 17.5168ms {"metadata":{"emulator":{"name":"functions"},"function":{"name":"us-central1-api"},"extension":{},"message":"Finished \"us-central1-api\" in 17.5168ms"}}
[debug] [2024-06-10T17:36:36.513Z] [worker-us-central1-api-64976495-19d1-4195-b7d3-e5f8757af187]: IDLE {"metadata":{"emulator":{"name":"functions"},"function":{"name":"us-central1-api"},"extension":{},"message":"[worker-us-central1-api-64976495-19d1-4195-b7d3-e5f8757af187]: IDLE"}}
[debug] [2024-06-10T17:36:36.514Z] Finishing up request with event=finish {"metadata":{"emulator":{"name":"functions"},"function":{"name":"us-central1-api"},"extension":{},"message":"Finishing up request with event=finish"}}
[debug] [2024-06-10T17:36:36.515Z] Finishing up request with event=close {"metadata":{"emulator":{"name":"functions"},"function":{"name":"us-central1-api"},"extension":{},"message":"Finishing up request with event=close"}}
[debug] [2024-06-10T17:36:36.518Z] [work-queue] {"queuedWork":[],"queueLength":0,"runningWork":[],"workRunningCount":0}
